2018-05-20 17:53:51		Testing of ZIP under shell was finished successfully
2018-05-20 17:53:51		Testing of TarGz was finished successfully
2018-05-20 17:53:51		Create Unique Id wpadm_method__local_backup__5b01b62fc20a3
2018-05-20 17:53:51		Start Backup process...
2018-05-20 17:53:51		Creating Database Dump
2018-05-20 17:53:51		Optimization of database tables was started
2018-05-20 17:53:51		Database table optimization of `wp_commentmeta` was successfully
2018-05-20 17:53:51		Database table optimization of `wp_comments` was successfully
2018-05-20 17:53:51		Database table optimization of `wp_gglcptch_whitelist` was successfully
2018-05-20 17:53:51		Database table optimization of `wp_links` was successfully
2018-05-20 17:53:52		Database table optimization of `wp_options` was successfully
2018-05-20 17:53:52		Database table optimization of `wp_postmeta` was successfully
2018-05-20 17:53:52		Database table optimization of `wp_posts` was successfully
2018-05-20 17:53:52		Database table optimization of `wp_term_relationships` was successfully
2018-05-20 17:53:52		Database table optimization of `wp_term_taxonomy` was successfully
2018-05-20 17:53:52		Database table optimization of `wp_termmeta` was successfully
2018-05-20 17:53:52		Database table optimization of `wp_terms` was successfully
2018-05-20 17:53:52		Database table optimization of `wp_usermeta` was successfully
2018-05-20 17:53:52		Database table optimization of `wp_users` was successfully
2018-05-20 17:53:52		Optimization of database tables was Finished
2018-05-20 17:53:52		Creating of MySQL dump was started
2018-05-20 17:53:52		Add table "wp_commentmeta" to the database dump
2018-05-20 17:53:52		Add table "wp_comments" to the database dump
2018-05-20 17:53:52		Performing of database query: SELECT * FROM wp_comments LIMIT 0, 200
2018-05-20 17:53:52		Add table "wp_gglcptch_whitelist" to the database dump
2018-05-20 17:53:52		Add table "wp_links" to the database dump
2018-05-20 17:53:52		Add table "wp_options" to the database dump
2018-05-20 17:53:52		Performing of database query: SELECT * FROM wp_options LIMIT 0, 200
2018-05-20 17:53:53		Performing of database query: SELECT * FROM wp_options LIMIT 200, 200
2018-05-20 17:53:53		Add table "wp_postmeta" to the database dump
2018-05-20 17:53:53		Performing of database query: SELECT * FROM wp_postmeta LIMIT 0, 200
2018-05-20 17:53:53		Performing of database query: SELECT * FROM wp_postmeta LIMIT 200, 200
2018-05-20 17:53:53		Performing of database query: SELECT * FROM wp_postmeta LIMIT 400, 200
2018-05-20 17:53:53		Performing of database query: SELECT * FROM wp_postmeta LIMIT 600, 200
2018-05-20 17:53:53		Performing of database query: SELECT * FROM wp_postmeta LIMIT 800, 200
